65 | `)}var ei=({clientMethod:e,activeProvider:t})=>r=>{let n="",i;if(lr(r))n=r.sql,i={values:Ke(r.values),__prismaRawParameters__:!0};else if(Array.isArray(r)){let[o,...s]=r;n=o,i={values:Ke(s||[]),__prismaRawParameters__:!0}}else switch(t){case"sqlite":case"mysql":{n=r.sql,i={values:Ke(r.values),__prismaRawParameters__:!0};break}case"cockroachdb":case"postgresql":case"postgres":{n=r.text,i={values:Ke(r.values),__prismaRawParameters__:!0};break}case"sqlserver":{n=Ba(r),i={values:Ke(r.values),__prismaRawParameters__:!0};break}default:throw new Error(`The ${t} provider does not support ${e}`)}return i?.values?Ka(`prisma.${e}(${n}, ${i.values})`):Ka(`prisma.${e}(${n})`),{query:n,parameters:i}},Za={requestArgsToMiddlewareArgs(e){return[e.strings,...e.values]},middlewareArgsToRequestArgs(e){let[t,...r]=e;return new za.Sql(t,r)}},Ya={requestArgsToMiddlewareArgs(e){return[e]},middlewareArgsToRequestArgs(e){return e[0]}};function ti(e){return function(r,n){let i,o=(s=e)=>{try{return s===void 0||s?.kind==="itx"?i??=Xa(r(s
66 | Read more at https://pris.ly/d/client-constructor`),this.name="PrismaClientConstructorValidationError"}get[Symbol.toStringTag](){return"PrismaClientConstructorValidationError"}};lt(S,"PrismaClientConstructorValidationError");var pl=["errorFormat","adapter","accelerateUrl","log","transactionOptions","omit","comments","__internal"],dl=["pretty","colorless","minimal"],ml=["info","query","warn","error"],$d={adapter:()=>{},accelerateUrl:e=>{if(e!==void 0){if(typeof e!="string")throw new S(`Invalid value ${JSON.stringify(e)} for "accelerateUrl" provided to PrismaClient constructor.`);if(e.trim().length===0)throw new S('"accelerateUrl" provided to PrismaClient constructor must be a non-empty string.')}},errorFormat:e=>{if(e){if(typeof e!="string")throw new S(`Invalid value ${JSON.stringify(e)} for "errorFormat" provided to PrismaClient constructor.`);if(!dl.includes(e)){let t=Nt(e,dl);throw new S(`Invalid errorFormat ${e} provided to PrismaClient constructor.${t}`)}}},log:e=>{if(!e)return;if(!Array.isArray(e))throw 
67 | 
68 | ${i}
69 | 
70 | ${n}`}var hl=require("@prisma/client-runtime-utils");function wl(e){return e.length===0?Promise.resolve([]):new Promise((t,r)=>{let n=new Array(e.length),i=null,o=!1,s=0,a=()=>{o||(s++,s===e.length&&(o=!0,i?r(i):t(n)))},l=c=>{o||(o=!0,r(c))};for(let c=0;c<e.length;c++)e[c].then(u=>{n[c]=u,a()},u=>{if(!(0,hl.hasBatchIndex)(u)){l(u);return}u.batchRequestIdx===c?l(u):(i||(i=u),a())})})}var Lt=M("prisma:client");typeof globalThis=="object"&&(globalThis.NODE_CLIENT=!0);var Bd={requestArgsToMiddlewareArgs:e=>e,middlewareArgsToRequestArgs:e=>e},Qd=Symbol.for("prisma.client.transaction.id"),Hd={id:0,nextId(){return++this.id}};function Pl(e){class t{_originalClient=this;_runtimeDataModel;_requestHandler;_connectionPromise;_disconnectionPromise;_engineConfig;_accelerateEngineConfig;_clientVersion;_errorFormat;_tracingHelper;_previewFeatures;_activeProvider;_globalOmit;_extensions;_engine;_appliedParent;_createPrismaPromise=ti();constructor(n){if(!n)throw new w.PrismaClientInitializationError("`PrismaClient` needs to be

PrismaClientInitializationError: `PrismaClient` needs to be constructed with a non-empty, valid `PrismaClientOptions`:

```
new PrismaClient({
  ...
})
```

or

```
constructor() {
  super({ ... });
}
```
          
 clientVersion: "7.3.0",
  errorCode: undefined,
  retryable: undefined,

      at new t (Q:\Coding\ai_voice_agent\Monorepo\node_modules\.bun\@prisma+client@7.3.0+53e13ce96fca8a38\node_modules\@prisma\client\runtime\client.js:70:960)
      at Q:\Coding\ai_voice_agent\Monorepo\apps\api\prisma\seed.ts:3:16
      at loadAndEvaluateModule (2:1)

Bun v1.3.11 (Windows x64)
